[2026-03-13T19:32:05.480+0000] {manager.py:469} INFO - Processing files using up to 2 processes at a time 
[2026-03-13T19:32:05.480+0000] {manager.py:470} INFO - Process each file at most once every 30 seconds
[2026-03-13T19:32:05.480+0000] {manager.py:471} INFO - Checking for new files in /opt/airflow/dags every 300 seconds
[2026-03-13T19:32:05.481+0000] {manager.py:738} INFO - Searching for files in /opt/airflow/dags
[2026-03-13T19:32:05.493+0000] {manager.py:741} INFO - There are 2 files in /opt/airflow/dags
[2026-03-13T19:32:05.572+0000] {manager.py:879} INFO - 
================================================================================
DAG File Processing Stats

File Path                               PID  Runtime      # DAGs    # Errors  Last Runtime    Last Run
------------------------------------  -----  ---------  --------  ----------  --------------  ----------
/opt/airflow/dags/ml_training_dag.py     65  0.03s             0           0
/opt/airflow/dags/monitoring_dag.py      64  0.04s             0           0
================================================================================
[2026-03-13T19:32:35.873+0000] {manager.py:879} INFO - 
================================================================================
DAG File Processing Stats

File Path                               PID  Runtime      # DAGs    # Errors  Last Runtime    Last Run
------------------------------------  -----  ---------  --------  ----------  --------------  -------------------
/opt/airflow/dags/ml_training_dag.py                           1           0  1.23s           2026-03-13T19:32:06
/opt/airflow/dags/monitoring_dag.py      82  0.01s             1           0  0.14s           2026-03-13T19:32:05
================================================================================
[2026-03-13T19:33:05.885+0000] {manager.py:879} INFO - 
================================================================================
DAG File Processing Stats

File Path                             PID    Runtime      # DAGs    # Errors  Last Runtime    Last Run
------------------------------------  -----  ---------  --------  ----------  --------------  -------------------
/opt/airflow/dags/ml_training_dag.py                           1           0  0.78s           2026-03-13T19:32:37
/opt/airflow/dags/monitoring_dag.py                            1           0  0.15s           2026-03-13T19:32:36
================================================================================
