[2026-03-13T20:30:12.031+0000] {processor.py:161} INFO - Started process (PID=65) to work on /opt/airflow/dags/ml_training_dag.py
[2026-03-13T20:30:12.032+0000] {processor.py:830} INFO - Processing file /opt/airflow/dags/ml_training_dag.py for tasks to queue
[2026-03-13T20:30:12.034+0000] {logging_mixin.py:188} INFO - [2026-03-13T20:30:12.034+0000] {dagbag.py:538} INFO - Filling up the DagBag from /opt/airflow/dags/ml_training_dag.py
[2026-03-13T20:30:13.189+0000] {processor.py:840} INFO - DAG(s) 'ml_training' retrieved from /opt/airflow/dags/ml_training_dag.py
[2026-03-13T20:30:13.216+0000] {logging_mixin.py:188} INFO - [2026-03-13T20:30:13.215+0000] {dag.py:3036} INFO - Sync 1 DAGs
[2026-03-13T20:30:13.236+0000] {logging_mixin.py:188} INFO - [2026-03-13T20:30:13.235+0000] {dag.py:3823} INFO - Setting next_dagrun for ml_training to 2026-03-13 03:00:00+00:00, run_after=2026-03-14 03:00:00+00:00
[2026-03-13T20:30:13.249+0000] {processor.py:183} INFO - Processing /opt/airflow/dags/ml_training_dag.py took 1.220 seconds
[2026-03-13T20:30:43.442+0000] {processor.py:161} INFO - Started process (PID=83) to work on /opt/airflow/dags/ml_training_dag.py
[2026-03-13T20:30:43.443+0000] {processor.py:830} INFO - Processing file /opt/airflow/dags/ml_training_dag.py for tasks to queue
[2026-03-13T20:30:43.445+0000] {logging_mixin.py:188} INFO - [2026-03-13T20:30:43.445+0000] {dagbag.py:538} INFO - Filling up the DagBag from /opt/airflow/dags/ml_training_dag.py
[2026-03-13T20:30:44.098+0000] {processor.py:840} INFO - DAG(s) 'ml_training' retrieved from /opt/airflow/dags/ml_training_dag.py
[2026-03-13T20:30:44.115+0000] {logging_mixin.py:188} INFO - [2026-03-13T20:30:44.115+0000] {dag.py:3036} INFO - Sync 1 DAGs
[2026-03-13T20:30:44.131+0000] {logging_mixin.py:188} INFO - [2026-03-13T20:30:44.131+0000] {dag.py:3823} INFO - Setting next_dagrun for ml_training to 2026-03-13 03:00:00+00:00, run_after=2026-03-14 03:00:00+00:00
[2026-03-13T20:30:44.144+0000] {processor.py:183} INFO - Processing /opt/airflow/dags/ml_training_dag.py took 0.704 seconds
[2026-03-13T20:31:14.680+0000] {processor.py:161} INFO - Started process (PID=101) to work on /opt/airflow/dags/ml_training_dag.py
[2026-03-13T20:31:14.681+0000] {processor.py:830} INFO - Processing file /opt/airflow/dags/ml_training_dag.py for tasks to queue
[2026-03-13T20:31:14.683+0000] {logging_mixin.py:188} INFO - [2026-03-13T20:31:14.683+0000] {dagbag.py:538} INFO - Filling up the DagBag from /opt/airflow/dags/ml_training_dag.py
[2026-03-13T20:31:15.316+0000] {processor.py:840} INFO - DAG(s) 'ml_training' retrieved from /opt/airflow/dags/ml_training_dag.py
[2026-03-13T20:31:15.332+0000] {logging_mixin.py:188} INFO - [2026-03-13T20:31:15.332+0000] {dag.py:3036} INFO - Sync 1 DAGs
[2026-03-13T20:31:15.348+0000] {logging_mixin.py:188} INFO - [2026-03-13T20:31:15.347+0000] {dag.py:3823} INFO - Setting next_dagrun for ml_training to 2026-03-13 03:00:00+00:00, run_after=2026-03-14 03:00:00+00:00
[2026-03-13T20:31:15.363+0000] {processor.py:183} INFO - Processing /opt/airflow/dags/ml_training_dag.py took 0.685 seconds
[2026-03-13T20:31:45.986+0000] {processor.py:161} INFO - Started process (PID=119) to work on /opt/airflow/dags/ml_training_dag.py
[2026-03-13T20:31:45.987+0000] {processor.py:830} INFO - Processing file /opt/airflow/dags/ml_training_dag.py for tasks to queue
[2026-03-13T20:31:45.989+0000] {logging_mixin.py:188} INFO - [2026-03-13T20:31:45.989+0000] {dagbag.py:538} INFO - Filling up the DagBag from /opt/airflow/dags/ml_training_dag.py
[2026-03-13T20:31:46.616+0000] {processor.py:840} INFO - DAG(s) 'ml_training' retrieved from /opt/airflow/dags/ml_training_dag.py
[2026-03-13T20:31:46.635+0000] {logging_mixin.py:188} INFO - [2026-03-13T20:31:46.634+0000] {dag.py:3036} INFO - Sync 1 DAGs
[2026-03-13T20:31:46.650+0000] {logging_mixin.py:188} INFO - [2026-03-13T20:31:46.650+0000] {dag.py:3823} INFO - Setting next_dagrun for ml_training to 2026-03-13 03:00:00+00:00, run_after=2026-03-14 03:00:00+00:00
[2026-03-13T20:31:46.663+0000] {processor.py:183} INFO - Processing /opt/airflow/dags/ml_training_dag.py took 0.679 seconds
[2026-03-13T20:32:17.281+0000] {processor.py:161} INFO - Started process (PID=137) to work on /opt/airflow/dags/ml_training_dag.py
[2026-03-13T20:32:17.282+0000] {processor.py:830} INFO - Processing file /opt/airflow/dags/ml_training_dag.py for tasks to queue
[2026-03-13T20:32:17.283+0000] {logging_mixin.py:188} INFO - [2026-03-13T20:32:17.283+0000] {dagbag.py:538} INFO - Filling up the DagBag from /opt/airflow/dags/ml_training_dag.py
[2026-03-13T20:32:17.908+0000] {processor.py:840} INFO - DAG(s) 'ml_training' retrieved from /opt/airflow/dags/ml_training_dag.py
[2026-03-13T20:32:17.927+0000] {logging_mixin.py:188} INFO - [2026-03-13T20:32:17.926+0000] {dag.py:3036} INFO - Sync 1 DAGs
[2026-03-13T20:32:17.942+0000] {logging_mixin.py:188} INFO - [2026-03-13T20:32:17.942+0000] {dag.py:3823} INFO - Setting next_dagrun for ml_training to 2026-03-13 03:00:00+00:00, run_after=2026-03-14 03:00:00+00:00
[2026-03-13T20:32:17.956+0000] {processor.py:183} INFO - Processing /opt/airflow/dags/ml_training_dag.py took 0.679 seconds
[2026-03-13T20:32:48.539+0000] {processor.py:161} INFO - Started process (PID=155) to work on /opt/airflow/dags/ml_training_dag.py
[2026-03-13T20:32:48.540+0000] {processor.py:830} INFO - Processing file /opt/airflow/dags/ml_training_dag.py for tasks to queue
[2026-03-13T20:32:48.541+0000] {logging_mixin.py:188} INFO - [2026-03-13T20:32:48.541+0000] {dagbag.py:538} INFO - Filling up the DagBag from /opt/airflow/dags/ml_training_dag.py
[2026-03-13T20:32:49.176+0000] {processor.py:840} INFO - DAG(s) 'ml_training' retrieved from /opt/airflow/dags/ml_training_dag.py
[2026-03-13T20:32:49.199+0000] {logging_mixin.py:188} INFO - [2026-03-13T20:32:49.199+0000] {dag.py:3036} INFO - Sync 1 DAGs
[2026-03-13T20:32:49.214+0000] {logging_mixin.py:188} INFO - [2026-03-13T20:32:49.214+0000] {dag.py:3823} INFO - Setting next_dagrun for ml_training to 2026-03-13 03:00:00+00:00, run_after=2026-03-14 03:00:00+00:00
[2026-03-13T20:32:49.229+0000] {processor.py:183} INFO - Processing /opt/airflow/dags/ml_training_dag.py took 0.693 seconds
[2026-03-13T20:33:19.868+0000] {processor.py:161} INFO - Started process (PID=173) to work on /opt/airflow/dags/ml_training_dag.py
[2026-03-13T20:33:19.869+0000] {processor.py:830} INFO - Processing file /opt/airflow/dags/ml_training_dag.py for tasks to queue
[2026-03-13T20:33:19.871+0000] {logging_mixin.py:188} INFO - [2026-03-13T20:33:19.871+0000] {dagbag.py:538} INFO - Filling up the DagBag from /opt/airflow/dags/ml_training_dag.py
[2026-03-13T20:33:20.441+0000] {processor.py:840} INFO - DAG(s) 'ml_training' retrieved from /opt/airflow/dags/ml_training_dag.py
[2026-03-13T20:33:20.459+0000] {logging_mixin.py:188} INFO - [2026-03-13T20:33:20.459+0000] {dag.py:3036} INFO - Sync 1 DAGs
[2026-03-13T20:33:20.473+0000] {logging_mixin.py:188} INFO - [2026-03-13T20:33:20.473+0000] {dag.py:3823} INFO - Setting next_dagrun for ml_training to 2026-03-13 03:00:00+00:00, run_after=2026-03-14 03:00:00+00:00
[2026-03-13T20:33:20.490+0000] {processor.py:183} INFO - Processing /opt/airflow/dags/ml_training_dag.py took 0.624 seconds
[2026-03-13T20:33:51.180+0000] {processor.py:161} INFO - Started process (PID=191) to work on /opt/airflow/dags/ml_training_dag.py
[2026-03-13T20:33:51.181+0000] {processor.py:830} INFO - Processing file /opt/airflow/dags/ml_training_dag.py for tasks to queue
[2026-03-13T20:33:51.182+0000] {logging_mixin.py:188} INFO - [2026-03-13T20:33:51.182+0000] {dagbag.py:538} INFO - Filling up the DagBag from /opt/airflow/dags/ml_training_dag.py
[2026-03-13T20:33:51.767+0000] {processor.py:840} INFO - DAG(s) 'ml_training' retrieved from /opt/airflow/dags/ml_training_dag.py
[2026-03-13T20:33:51.784+0000] {logging_mixin.py:188} INFO - [2026-03-13T20:33:51.783+0000] {dag.py:3036} INFO - Sync 1 DAGs
[2026-03-13T20:33:51.798+0000] {logging_mixin.py:188} INFO - [2026-03-13T20:33:51.798+0000] {dag.py:3823} INFO - Setting next_dagrun for ml_training to 2026-03-13 03:00:00+00:00, run_after=2026-03-14 03:00:00+00:00
[2026-03-13T20:33:51.813+0000] {processor.py:183} INFO - Processing /opt/airflow/dags/ml_training_dag.py took 0.636 seconds
[2026-03-13T20:34:22.506+0000] {processor.py:161} INFO - Started process (PID=209) to work on /opt/airflow/dags/ml_training_dag.py
[2026-03-13T20:34:22.507+0000] {processor.py:830} INFO - Processing file /opt/airflow/dags/ml_training_dag.py for tasks to queue
[2026-03-13T20:34:22.509+0000] {logging_mixin.py:188} INFO - [2026-03-13T20:34:22.508+0000] {dagbag.py:538} INFO - Filling up the DagBag from /opt/airflow/dags/ml_training_dag.py
[2026-03-13T20:34:23.106+0000] {processor.py:840} INFO - DAG(s) 'ml_training' retrieved from /opt/airflow/dags/ml_training_dag.py
[2026-03-13T20:34:23.123+0000] {logging_mixin.py:188} INFO - [2026-03-13T20:34:23.123+0000] {dag.py:3036} INFO - Sync 1 DAGs
[2026-03-13T20:34:23.139+0000] {logging_mixin.py:188} INFO - [2026-03-13T20:34:23.139+0000] {dag.py:3823} INFO - Setting next_dagrun for ml_training to 2026-03-13 03:00:00+00:00, run_after=2026-03-14 03:00:00+00:00
[2026-03-13T20:34:23.152+0000] {processor.py:183} INFO - Processing /opt/airflow/dags/ml_training_dag.py took 0.648 seconds
[2026-03-13T20:34:53.802+0000] {processor.py:161} INFO - Started process (PID=227) to work on /opt/airflow/dags/ml_training_dag.py
[2026-03-13T20:34:53.803+0000] {processor.py:830} INFO - Processing file /opt/airflow/dags/ml_training_dag.py for tasks to queue
[2026-03-13T20:34:53.805+0000] {logging_mixin.py:188} INFO - [2026-03-13T20:34:53.805+0000] {dagbag.py:538} INFO - Filling up the DagBag from /opt/airflow/dags/ml_training_dag.py
[2026-03-13T20:34:54.360+0000] {processor.py:840} INFO - DAG(s) 'ml_training' retrieved from /opt/airflow/dags/ml_training_dag.py
[2026-03-13T20:34:54.378+0000] {logging_mixin.py:188} INFO - [2026-03-13T20:34:54.378+0000] {dag.py:3036} INFO - Sync 1 DAGs
[2026-03-13T20:34:54.392+0000] {logging_mixin.py:188} INFO - [2026-03-13T20:34:54.392+0000] {dag.py:3823} INFO - Setting next_dagrun for ml_training to 2026-03-13 03:00:00+00:00, run_after=2026-03-14 03:00:00+00:00
[2026-03-13T20:34:54.410+0000] {processor.py:183} INFO - Processing /opt/airflow/dags/ml_training_dag.py took 0.610 seconds
[2026-03-13T20:35:25.131+0000] {processor.py:161} INFO - Started process (PID=245) to work on /opt/airflow/dags/ml_training_dag.py
[2026-03-13T20:35:25.132+0000] {processor.py:830} INFO - Processing file /opt/airflow/dags/ml_training_dag.py for tasks to queue
[2026-03-13T20:35:25.134+0000] {logging_mixin.py:188} INFO - [2026-03-13T20:35:25.134+0000] {dagbag.py:538} INFO - Filling up the DagBag from /opt/airflow/dags/ml_training_dag.py
[2026-03-13T20:35:25.681+0000] {processor.py:840} INFO - DAG(s) 'ml_training' retrieved from /opt/airflow/dags/ml_training_dag.py
[2026-03-13T20:35:25.701+0000] {logging_mixin.py:188} INFO - [2026-03-13T20:35:25.701+0000] {dag.py:3036} INFO - Sync 1 DAGs
[2026-03-13T20:35:25.715+0000] {logging_mixin.py:188} INFO - [2026-03-13T20:35:25.715+0000] {dag.py:3823} INFO - Setting next_dagrun for ml_training to 2026-03-13 03:00:00+00:00, run_after=2026-03-14 03:00:00+00:00
[2026-03-13T20:35:25.733+0000] {processor.py:183} INFO - Processing /opt/airflow/dags/ml_training_dag.py took 0.605 seconds
[2026-03-13T20:35:56.442+0000] {processor.py:161} INFO - Started process (PID=263) to work on /opt/airflow/dags/ml_training_dag.py
[2026-03-13T20:35:56.443+0000] {processor.py:830} INFO - Processing file /opt/airflow/dags/ml_training_dag.py for tasks to queue
[2026-03-13T20:35:56.445+0000] {logging_mixin.py:188} INFO - [2026-03-13T20:35:56.445+0000] {dagbag.py:538} INFO - Filling up the DagBag from /opt/airflow/dags/ml_training_dag.py
[2026-03-13T20:35:57.002+0000] {processor.py:840} INFO - DAG(s) 'ml_training' retrieved from /opt/airflow/dags/ml_training_dag.py
[2026-03-13T20:35:57.021+0000] {logging_mixin.py:188} INFO - [2026-03-13T20:35:57.021+0000] {dag.py:3036} INFO - Sync 1 DAGs
[2026-03-13T20:35:57.038+0000] {logging_mixin.py:188} INFO - [2026-03-13T20:35:57.038+0000] {dag.py:3823} INFO - Setting next_dagrun for ml_training to 2026-03-13 03:00:00+00:00, run_after=2026-03-14 03:00:00+00:00
[2026-03-13T20:35:57.065+0000] {processor.py:183} INFO - Processing /opt/airflow/dags/ml_training_dag.py took 0.626 seconds
[2026-03-13T20:36:27.775+0000] {processor.py:161} INFO - Started process (PID=281) to work on /opt/airflow/dags/ml_training_dag.py
[2026-03-13T20:36:27.775+0000] {processor.py:830} INFO - Processing file /opt/airflow/dags/ml_training_dag.py for tasks to queue
[2026-03-13T20:36:27.777+0000] {logging_mixin.py:188} INFO - [2026-03-13T20:36:27.777+0000] {dagbag.py:538} INFO - Filling up the DagBag from /opt/airflow/dags/ml_training_dag.py
[2026-03-13T20:36:28.367+0000] {processor.py:840} INFO - DAG(s) 'ml_training' retrieved from /opt/airflow/dags/ml_training_dag.py
[2026-03-13T20:36:28.384+0000] {logging_mixin.py:188} INFO - [2026-03-13T20:36:28.384+0000] {dag.py:3036} INFO - Sync 1 DAGs
[2026-03-13T20:36:28.398+0000] {logging_mixin.py:188} INFO - [2026-03-13T20:36:28.398+0000] {dag.py:3823} INFO - Setting next_dagrun for ml_training to 2026-03-13 03:00:00+00:00, run_after=2026-03-14 03:00:00+00:00
[2026-03-13T20:36:28.410+0000] {processor.py:183} INFO - Processing /opt/airflow/dags/ml_training_dag.py took 0.638 seconds
[2026-03-13T20:36:59.079+0000] {processor.py:161} INFO - Started process (PID=299) to work on /opt/airflow/dags/ml_training_dag.py
[2026-03-13T20:36:59.080+0000] {processor.py:830} INFO - Processing file /opt/airflow/dags/ml_training_dag.py for tasks to queue
[2026-03-13T20:36:59.081+0000] {logging_mixin.py:188} INFO - [2026-03-13T20:36:59.081+0000] {dagbag.py:538} INFO - Filling up the DagBag from /opt/airflow/dags/ml_training_dag.py
[2026-03-13T20:36:59.683+0000] {processor.py:840} INFO - DAG(s) 'ml_training' retrieved from /opt/airflow/dags/ml_training_dag.py
[2026-03-13T20:36:59.700+0000] {logging_mixin.py:188} INFO - [2026-03-13T20:36:59.700+0000] {dag.py:3036} INFO - Sync 1 DAGs
[2026-03-13T20:36:59.714+0000] {logging_mixin.py:188} INFO - [2026-03-13T20:36:59.714+0000] {dag.py:3823} INFO - Setting next_dagrun for ml_training to 2026-03-13 03:00:00+00:00, run_after=2026-03-14 03:00:00+00:00
[2026-03-13T20:36:59.728+0000] {processor.py:183} INFO - Processing /opt/airflow/dags/ml_training_dag.py took 0.652 seconds
[2026-03-13T20:37:30.364+0000] {processor.py:161} INFO - Started process (PID=317) to work on /opt/airflow/dags/ml_training_dag.py
[2026-03-13T20:37:30.365+0000] {processor.py:830} INFO - Processing file /opt/airflow/dags/ml_training_dag.py for tasks to queue
[2026-03-13T20:37:30.367+0000] {logging_mixin.py:188} INFO - [2026-03-13T20:37:30.366+0000] {dagbag.py:538} INFO - Filling up the DagBag from /opt/airflow/dags/ml_training_dag.py
[2026-03-13T20:37:30.938+0000] {processor.py:840} INFO - DAG(s) 'ml_training' retrieved from /opt/airflow/dags/ml_training_dag.py
[2026-03-13T20:37:30.956+0000] {logging_mixin.py:188} INFO - [2026-03-13T20:37:30.955+0000] {dag.py:3036} INFO - Sync 1 DAGs
[2026-03-13T20:37:30.968+0000] {logging_mixin.py:188} INFO - [2026-03-13T20:37:30.968+0000] {dag.py:3823} INFO - Setting next_dagrun for ml_training to 2026-03-13 03:00:00+00:00, run_after=2026-03-14 03:00:00+00:00
[2026-03-13T20:37:30.982+0000] {processor.py:183} INFO - Processing /opt/airflow/dags/ml_training_dag.py took 0.621 seconds
[2026-03-13T20:38:01.635+0000] {processor.py:161} INFO - Started process (PID=335) to work on /opt/airflow/dags/ml_training_dag.py
[2026-03-13T20:38:01.636+0000] {processor.py:830} INFO - Processing file /opt/airflow/dags/ml_training_dag.py for tasks to queue
[2026-03-13T20:38:01.637+0000] {logging_mixin.py:188} INFO - [2026-03-13T20:38:01.637+0000] {dagbag.py:538} INFO - Filling up the DagBag from /opt/airflow/dags/ml_training_dag.py
[2026-03-13T20:38:02.206+0000] {processor.py:840} INFO - DAG(s) 'ml_training' retrieved from /opt/airflow/dags/ml_training_dag.py
[2026-03-13T20:38:02.223+0000] {logging_mixin.py:188} INFO - [2026-03-13T20:38:02.222+0000] {dag.py:3036} INFO - Sync 1 DAGs
[2026-03-13T20:38:02.237+0000] {logging_mixin.py:188} INFO - [2026-03-13T20:38:02.236+0000] {dag.py:3823} INFO - Setting next_dagrun for ml_training to 2026-03-13 03:00:00+00:00, run_after=2026-03-14 03:00:00+00:00
[2026-03-13T20:38:02.251+0000] {processor.py:183} INFO - Processing /opt/airflow/dags/ml_training_dag.py took 0.621 seconds
[2026-03-13T20:38:32.922+0000] {processor.py:161} INFO - Started process (PID=353) to work on /opt/airflow/dags/ml_training_dag.py
[2026-03-13T20:38:32.923+0000] {processor.py:830} INFO - Processing file /opt/airflow/dags/ml_training_dag.py for tasks to queue
[2026-03-13T20:38:32.924+0000] {logging_mixin.py:188} INFO - [2026-03-13T20:38:32.924+0000] {dagbag.py:538} INFO - Filling up the DagBag from /opt/airflow/dags/ml_training_dag.py
[2026-03-13T20:38:33.481+0000] {processor.py:840} INFO - DAG(s) 'ml_training' retrieved from /opt/airflow/dags/ml_training_dag.py
[2026-03-13T20:38:33.497+0000] {logging_mixin.py:188} INFO - [2026-03-13T20:38:33.496+0000] {dag.py:3036} INFO - Sync 1 DAGs
[2026-03-13T20:38:33.511+0000] {logging_mixin.py:188} INFO - [2026-03-13T20:38:33.511+0000] {dag.py:3823} INFO - Setting next_dagrun for ml_training to 2026-03-13 03:00:00+00:00, run_after=2026-03-14 03:00:00+00:00
[2026-03-13T20:38:33.525+0000] {processor.py:183} INFO - Processing /opt/airflow/dags/ml_training_dag.py took 0.606 seconds
[2026-03-13T20:39:04.243+0000] {processor.py:161} INFO - Started process (PID=371) to work on /opt/airflow/dags/ml_training_dag.py
[2026-03-13T20:39:04.244+0000] {processor.py:830} INFO - Processing file /opt/airflow/dags/ml_training_dag.py for tasks to queue
[2026-03-13T20:39:04.246+0000] {logging_mixin.py:188} INFO - [2026-03-13T20:39:04.246+0000] {dagbag.py:538} INFO - Filling up the DagBag from /opt/airflow/dags/ml_training_dag.py
[2026-03-13T20:39:04.802+0000] {processor.py:840} INFO - DAG(s) 'ml_training' retrieved from /opt/airflow/dags/ml_training_dag.py
[2026-03-13T20:39:04.818+0000] {logging_mixin.py:188} INFO - [2026-03-13T20:39:04.818+0000] {dag.py:3036} INFO - Sync 1 DAGs
[2026-03-13T20:39:04.833+0000] {logging_mixin.py:188} INFO - [2026-03-13T20:39:04.832+0000] {dag.py:3823} INFO - Setting next_dagrun for ml_training to 2026-03-13 03:00:00+00:00, run_after=2026-03-14 03:00:00+00:00
[2026-03-13T20:39:04.852+0000] {processor.py:183} INFO - Processing /opt/airflow/dags/ml_training_dag.py took 0.611 seconds
[2026-03-13T20:39:35.522+0000] {processor.py:161} INFO - Started process (PID=389) to work on /opt/airflow/dags/ml_training_dag.py
[2026-03-13T20:39:35.522+0000] {processor.py:830} INFO - Processing file /opt/airflow/dags/ml_training_dag.py for tasks to queue
[2026-03-13T20:39:35.524+0000] {logging_mixin.py:188} INFO - [2026-03-13T20:39:35.524+0000] {dagbag.py:538} INFO - Filling up the DagBag from /opt/airflow/dags/ml_training_dag.py
[2026-03-13T20:39:36.076+0000] {processor.py:840} INFO - DAG(s) 'ml_training' retrieved from /opt/airflow/dags/ml_training_dag.py
[2026-03-13T20:39:36.093+0000] {logging_mixin.py:188} INFO - [2026-03-13T20:39:36.093+0000] {dag.py:3036} INFO - Sync 1 DAGs
[2026-03-13T20:39:36.108+0000] {logging_mixin.py:188} INFO - [2026-03-13T20:39:36.108+0000] {dag.py:3823} INFO - Setting next_dagrun for ml_training to 2026-03-13 03:00:00+00:00, run_after=2026-03-14 03:00:00+00:00
[2026-03-13T20:39:36.125+0000] {processor.py:183} INFO - Processing /opt/airflow/dags/ml_training_dag.py took 0.606 seconds
[2026-03-13T20:40:06.809+0000] {processor.py:161} INFO - Started process (PID=407) to work on /opt/airflow/dags/ml_training_dag.py
[2026-03-13T20:40:06.810+0000] {processor.py:830} INFO - Processing file /opt/airflow/dags/ml_training_dag.py for tasks to queue
[2026-03-13T20:40:06.811+0000] {logging_mixin.py:188} INFO - [2026-03-13T20:40:06.811+0000] {dagbag.py:538} INFO - Filling up the DagBag from /opt/airflow/dags/ml_training_dag.py
[2026-03-13T20:40:07.470+0000] {processor.py:840} INFO - DAG(s) 'ml_training' retrieved from /opt/airflow/dags/ml_training_dag.py
[2026-03-13T20:40:07.488+0000] {logging_mixin.py:188} INFO - [2026-03-13T20:40:07.487+0000] {dag.py:3036} INFO - Sync 1 DAGs
[2026-03-13T20:40:07.505+0000] {logging_mixin.py:188} INFO - [2026-03-13T20:40:07.505+0000] {dag.py:3823} INFO - Setting next_dagrun for ml_training to 2026-03-13 03:00:00+00:00, run_after=2026-03-14 03:00:00+00:00
[2026-03-13T20:40:07.524+0000] {processor.py:183} INFO - Processing /opt/airflow/dags/ml_training_dag.py took 0.718 seconds
[2026-03-13T20:40:38.093+0000] {processor.py:161} INFO - Started process (PID=425) to work on /opt/airflow/dags/ml_training_dag.py
[2026-03-13T20:40:38.094+0000] {processor.py:830} INFO - Processing file /opt/airflow/dags/ml_training_dag.py for tasks to queue
[2026-03-13T20:40:38.096+0000] {logging_mixin.py:188} INFO - [2026-03-13T20:40:38.096+0000] {dagbag.py:538} INFO - Filling up the DagBag from /opt/airflow/dags/ml_training_dag.py
[2026-03-13T20:40:38.670+0000] {processor.py:840} INFO - DAG(s) 'ml_training' retrieved from /opt/airflow/dags/ml_training_dag.py
[2026-03-13T20:40:38.688+0000] {logging_mixin.py:188} INFO - [2026-03-13T20:40:38.687+0000] {dag.py:3036} INFO - Sync 1 DAGs
[2026-03-13T20:40:38.702+0000] {logging_mixin.py:188} INFO - [2026-03-13T20:40:38.702+0000] {dag.py:3823} INFO - Setting next_dagrun for ml_training to 2026-03-13 03:00:00+00:00, run_after=2026-03-14 03:00:00+00:00
[2026-03-13T20:40:38.720+0000] {processor.py:183} INFO - Processing /opt/airflow/dags/ml_training_dag.py took 0.629 seconds
