[2026-03-13T20:03:52.892+0000] {processor.py:161} INFO - Started process (PID=64) to work on /opt/airflow/dags/monitoring_dag.py
[2026-03-13T20:03:52.893+0000] {processor.py:830} INFO - Processing file /opt/airflow/dags/monitoring_dag.py for tasks to queue
[2026-03-13T20:03:52.895+0000] {logging_mixin.py:188} INFO - [2026-03-13T20:03:52.895+0000] {dagbag.py:538} INFO - Filling up the DagBag from /opt/airflow/dags/monitoring_dag.py
[2026-03-13T20:03:52.916+0000] {processor.py:840} INFO - DAG(s) 'api_monitoring' retrieved from /opt/airflow/dags/monitoring_dag.py
[2026-03-13T20:03:52.956+0000] {logging_mixin.py:188} INFO - [2026-03-13T20:03:52.956+0000] {dag.py:3036} INFO - Sync 1 DAGs
[2026-03-13T20:03:52.988+0000] {logging_mixin.py:188} INFO - [2026-03-13T20:03:52.988+0000] {dag.py:3823} INFO - Setting next_dagrun for api_monitoring to 2026-03-13 20:00:00+00:00, run_after=2026-03-13 21:00:00+00:00
[2026-03-13T20:03:53.006+0000] {processor.py:183} INFO - Processing /opt/airflow/dags/monitoring_dag.py took 0.117 seconds
[2026-03-13T20:04:23.222+0000] {processor.py:161} INFO - Started process (PID=82) to work on /opt/airflow/dags/monitoring_dag.py
[2026-03-13T20:04:23.223+0000] {processor.py:830} INFO - Processing file /opt/airflow/dags/monitoring_dag.py for tasks to queue
[2026-03-13T20:04:23.225+0000] {logging_mixin.py:188} INFO - [2026-03-13T20:04:23.224+0000] {dagbag.py:538} INFO - Filling up the DagBag from /opt/airflow/dags/monitoring_dag.py
[2026-03-13T20:04:23.242+0000] {processor.py:840} INFO - DAG(s) 'api_monitoring' retrieved from /opt/airflow/dags/monitoring_dag.py
[2026-03-13T20:04:23.263+0000] {logging_mixin.py:188} INFO - [2026-03-13T20:04:23.262+0000] {dag.py:3036} INFO - Sync 1 DAGs
[2026-03-13T20:04:23.279+0000] {logging_mixin.py:188} INFO - [2026-03-13T20:04:23.278+0000] {dag.py:3823} INFO - Setting next_dagrun for api_monitoring to 2026-03-13 20:00:00+00:00, run_after=2026-03-13 21:00:00+00:00
[2026-03-13T20:04:23.298+0000] {processor.py:183} INFO - Processing /opt/airflow/dags/monitoring_dag.py took 0.080 seconds
[2026-03-13T20:04:53.504+0000] {processor.py:161} INFO - Started process (PID=100) to work on /opt/airflow/dags/monitoring_dag.py
[2026-03-13T20:04:53.505+0000] {processor.py:830} INFO - Processing file /opt/airflow/dags/monitoring_dag.py for tasks to queue
[2026-03-13T20:04:53.507+0000] {logging_mixin.py:188} INFO - [2026-03-13T20:04:53.507+0000] {dagbag.py:538} INFO - Filling up the DagBag from /opt/airflow/dags/monitoring_dag.py
[2026-03-13T20:04:53.523+0000] {processor.py:840} INFO - DAG(s) 'api_monitoring' retrieved from /opt/airflow/dags/monitoring_dag.py
[2026-03-13T20:04:53.545+0000] {logging_mixin.py:188} INFO - [2026-03-13T20:04:53.545+0000] {dag.py:3036} INFO - Sync 1 DAGs
[2026-03-13T20:04:53.562+0000] {logging_mixin.py:188} INFO - [2026-03-13T20:04:53.561+0000] {dag.py:3823} INFO - Setting next_dagrun for api_monitoring to 2026-03-13 20:00:00+00:00, run_after=2026-03-13 21:00:00+00:00
[2026-03-13T20:04:53.581+0000] {processor.py:183} INFO - Processing /opt/airflow/dags/monitoring_dag.py took 0.079 seconds
[2026-03-13T20:05:23.793+0000] {processor.py:161} INFO - Started process (PID=118) to work on /opt/airflow/dags/monitoring_dag.py
[2026-03-13T20:05:23.794+0000] {processor.py:830} INFO - Processing file /opt/airflow/dags/monitoring_dag.py for tasks to queue
[2026-03-13T20:05:23.796+0000] {logging_mixin.py:188} INFO - [2026-03-13T20:05:23.796+0000] {dagbag.py:538} INFO - Filling up the DagBag from /opt/airflow/dags/monitoring_dag.py
[2026-03-13T20:05:23.813+0000] {processor.py:840} INFO - DAG(s) 'api_monitoring' retrieved from /opt/airflow/dags/monitoring_dag.py
[2026-03-13T20:05:23.835+0000] {logging_mixin.py:188} INFO - [2026-03-13T20:05:23.835+0000] {dag.py:3036} INFO - Sync 1 DAGs
[2026-03-13T20:05:23.853+0000] {logging_mixin.py:188} INFO - [2026-03-13T20:05:23.853+0000] {dag.py:3823} INFO - Setting next_dagrun for api_monitoring to 2026-03-13 20:00:00+00:00, run_after=2026-03-13 21:00:00+00:00
[2026-03-13T20:05:23.869+0000] {processor.py:183} INFO - Processing /opt/airflow/dags/monitoring_dag.py took 0.079 seconds
[2026-03-13T20:05:54.083+0000] {processor.py:161} INFO - Started process (PID=136) to work on /opt/airflow/dags/monitoring_dag.py
[2026-03-13T20:05:54.083+0000] {processor.py:830} INFO - Processing file /opt/airflow/dags/monitoring_dag.py for tasks to queue
[2026-03-13T20:05:54.085+0000] {logging_mixin.py:188} INFO - [2026-03-13T20:05:54.085+0000] {dagbag.py:538} INFO - Filling up the DagBag from /opt/airflow/dags/monitoring_dag.py
[2026-03-13T20:05:54.100+0000] {processor.py:840} INFO - DAG(s) 'api_monitoring' retrieved from /opt/airflow/dags/monitoring_dag.py
[2026-03-13T20:05:54.123+0000] {logging_mixin.py:188} INFO - [2026-03-13T20:05:54.123+0000] {dag.py:3036} INFO - Sync 1 DAGs
[2026-03-13T20:05:54.143+0000] {logging_mixin.py:188} INFO - [2026-03-13T20:05:54.143+0000] {dag.py:3823} INFO - Setting next_dagrun for api_monitoring to 2026-03-13 20:00:00+00:00, run_after=2026-03-13 21:00:00+00:00
[2026-03-13T20:05:54.157+0000] {processor.py:183} INFO - Processing /opt/airflow/dags/monitoring_dag.py took 0.077 seconds
[2026-03-13T20:06:24.361+0000] {processor.py:161} INFO - Started process (PID=154) to work on /opt/airflow/dags/monitoring_dag.py
[2026-03-13T20:06:24.361+0000] {processor.py:830} INFO - Processing file /opt/airflow/dags/monitoring_dag.py for tasks to queue
[2026-03-13T20:06:24.363+0000] {logging_mixin.py:188} INFO - [2026-03-13T20:06:24.363+0000] {dagbag.py:538} INFO - Filling up the DagBag from /opt/airflow/dags/monitoring_dag.py
[2026-03-13T20:06:24.378+0000] {processor.py:840} INFO - DAG(s) 'api_monitoring' retrieved from /opt/airflow/dags/monitoring_dag.py
[2026-03-13T20:06:24.399+0000] {logging_mixin.py:188} INFO - [2026-03-13T20:06:24.399+0000] {dag.py:3036} INFO - Sync 1 DAGs
[2026-03-13T20:06:24.417+0000] {logging_mixin.py:188} INFO - [2026-03-13T20:06:24.416+0000] {dag.py:3823} INFO - Setting next_dagrun for api_monitoring to 2026-03-13 20:00:00+00:00, run_after=2026-03-13 21:00:00+00:00
[2026-03-13T20:06:24.433+0000] {processor.py:183} INFO - Processing /opt/airflow/dags/monitoring_dag.py took 0.075 seconds
[2026-03-13T20:06:54.644+0000] {processor.py:161} INFO - Started process (PID=172) to work on /opt/airflow/dags/monitoring_dag.py
[2026-03-13T20:06:54.645+0000] {processor.py:830} INFO - Processing file /opt/airflow/dags/monitoring_dag.py for tasks to queue
[2026-03-13T20:06:54.646+0000] {logging_mixin.py:188} INFO - [2026-03-13T20:06:54.646+0000] {dagbag.py:538} INFO - Filling up the DagBag from /opt/airflow/dags/monitoring_dag.py
[2026-03-13T20:06:54.662+0000] {processor.py:840} INFO - DAG(s) 'api_monitoring' retrieved from /opt/airflow/dags/monitoring_dag.py
[2026-03-13T20:06:54.681+0000] {logging_mixin.py:188} INFO - [2026-03-13T20:06:54.680+0000] {dag.py:3036} INFO - Sync 1 DAGs
[2026-03-13T20:06:54.695+0000] {logging_mixin.py:188} INFO - [2026-03-13T20:06:54.695+0000] {dag.py:3823} INFO - Setting next_dagrun for api_monitoring to 2026-03-13 20:00:00+00:00, run_after=2026-03-13 21:00:00+00:00
[2026-03-13T20:06:54.712+0000] {processor.py:183} INFO - Processing /opt/airflow/dags/monitoring_dag.py took 0.071 seconds
[2026-03-13T20:07:24.930+0000] {processor.py:161} INFO - Started process (PID=190) to work on /opt/airflow/dags/monitoring_dag.py
[2026-03-13T20:07:24.930+0000] {processor.py:830} INFO - Processing file /opt/airflow/dags/monitoring_dag.py for tasks to queue
[2026-03-13T20:07:24.932+0000] {logging_mixin.py:188} INFO - [2026-03-13T20:07:24.932+0000] {dagbag.py:538} INFO - Filling up the DagBag from /opt/airflow/dags/monitoring_dag.py
[2026-03-13T20:07:24.946+0000] {processor.py:840} INFO - DAG(s) 'api_monitoring' retrieved from /opt/airflow/dags/monitoring_dag.py
[2026-03-13T20:07:24.965+0000] {logging_mixin.py:188} INFO - [2026-03-13T20:07:24.965+0000] {dag.py:3036} INFO - Sync 1 DAGs
[2026-03-13T20:07:24.981+0000] {logging_mixin.py:188} INFO - [2026-03-13T20:07:24.981+0000] {dag.py:3823} INFO - Setting next_dagrun for api_monitoring to 2026-03-13 20:00:00+00:00, run_after=2026-03-13 21:00:00+00:00
[2026-03-13T20:07:24.998+0000] {processor.py:183} INFO - Processing /opt/airflow/dags/monitoring_dag.py took 0.071 seconds
[2026-03-13T20:07:55.221+0000] {processor.py:161} INFO - Started process (PID=208) to work on /opt/airflow/dags/monitoring_dag.py
[2026-03-13T20:07:55.222+0000] {processor.py:830} INFO - Processing file /opt/airflow/dags/monitoring_dag.py for tasks to queue
[2026-03-13T20:07:55.223+0000] {logging_mixin.py:188} INFO - [2026-03-13T20:07:55.223+0000] {dagbag.py:538} INFO - Filling up the DagBag from /opt/airflow/dags/monitoring_dag.py
[2026-03-13T20:07:55.237+0000] {processor.py:840} INFO - DAG(s) 'api_monitoring' retrieved from /opt/airflow/dags/monitoring_dag.py
[2026-03-13T20:07:55.255+0000] {logging_mixin.py:188} INFO - [2026-03-13T20:07:55.255+0000] {dag.py:3036} INFO - Sync 1 DAGs
[2026-03-13T20:07:55.271+0000] {logging_mixin.py:188} INFO - [2026-03-13T20:07:55.271+0000] {dag.py:3823} INFO - Setting next_dagrun for api_monitoring to 2026-03-13 20:00:00+00:00, run_after=2026-03-13 21:00:00+00:00
[2026-03-13T20:07:55.285+0000] {processor.py:183} INFO - Processing /opt/airflow/dags/monitoring_dag.py took 0.067 seconds
[2026-03-13T20:08:25.501+0000] {processor.py:161} INFO - Started process (PID=226) to work on /opt/airflow/dags/monitoring_dag.py
[2026-03-13T20:08:25.502+0000] {processor.py:830} INFO - Processing file /opt/airflow/dags/monitoring_dag.py for tasks to queue
[2026-03-13T20:08:25.504+0000] {logging_mixin.py:188} INFO - [2026-03-13T20:08:25.503+0000] {dagbag.py:538} INFO - Filling up the DagBag from /opt/airflow/dags/monitoring_dag.py
[2026-03-13T20:08:25.517+0000] {processor.py:840} INFO - DAG(s) 'api_monitoring' retrieved from /opt/airflow/dags/monitoring_dag.py
[2026-03-13T20:08:25.534+0000] {logging_mixin.py:188} INFO - [2026-03-13T20:08:25.534+0000] {dag.py:3036} INFO - Sync 1 DAGs
[2026-03-13T20:08:25.549+0000] {logging_mixin.py:188} INFO - [2026-03-13T20:08:25.549+0000] {dag.py:3823} INFO - Setting next_dagrun for api_monitoring to 2026-03-13 20:00:00+00:00, run_after=2026-03-13 21:00:00+00:00
[2026-03-13T20:08:25.566+0000] {processor.py:183} INFO - Processing /opt/airflow/dags/monitoring_dag.py took 0.067 seconds
[2026-03-13T20:08:55.779+0000] {processor.py:161} INFO - Started process (PID=244) to work on /opt/airflow/dags/monitoring_dag.py
[2026-03-13T20:08:55.780+0000] {processor.py:830} INFO - Processing file /opt/airflow/dags/monitoring_dag.py for tasks to queue
[2026-03-13T20:08:55.782+0000] {logging_mixin.py:188} INFO - [2026-03-13T20:08:55.781+0000] {dagbag.py:538} INFO - Filling up the DagBag from /opt/airflow/dags/monitoring_dag.py
[2026-03-13T20:08:55.795+0000] {processor.py:840} INFO - DAG(s) 'api_monitoring' retrieved from /opt/airflow/dags/monitoring_dag.py
[2026-03-13T20:08:55.815+0000] {logging_mixin.py:188} INFO - [2026-03-13T20:08:55.815+0000] {dag.py:3036} INFO - Sync 1 DAGs
[2026-03-13T20:08:55.832+0000] {logging_mixin.py:188} INFO - [2026-03-13T20:08:55.831+0000] {dag.py:3823} INFO - Setting next_dagrun for api_monitoring to 2026-03-13 20:00:00+00:00, run_after=2026-03-13 21:00:00+00:00
[2026-03-13T20:08:55.850+0000] {processor.py:183} INFO - Processing /opt/airflow/dags/monitoring_dag.py took 0.073 seconds
[2026-03-13T20:09:26.080+0000] {processor.py:161} INFO - Started process (PID=262) to work on /opt/airflow/dags/monitoring_dag.py
[2026-03-13T20:09:26.081+0000] {processor.py:830} INFO - Processing file /opt/airflow/dags/monitoring_dag.py for tasks to queue
[2026-03-13T20:09:26.082+0000] {logging_mixin.py:188} INFO - [2026-03-13T20:09:26.082+0000] {dagbag.py:538} INFO - Filling up the DagBag from /opt/airflow/dags/monitoring_dag.py
[2026-03-13T20:09:26.096+0000] {processor.py:840} INFO - DAG(s) 'api_monitoring' retrieved from /opt/airflow/dags/monitoring_dag.py
[2026-03-13T20:09:26.116+0000] {logging_mixin.py:188} INFO - [2026-03-13T20:09:26.116+0000] {dag.py:3036} INFO - Sync 1 DAGs
[2026-03-13T20:09:26.131+0000] {logging_mixin.py:188} INFO - [2026-03-13T20:09:26.131+0000] {dag.py:3823} INFO - Setting next_dagrun for api_monitoring to 2026-03-13 20:00:00+00:00, run_after=2026-03-13 21:00:00+00:00
[2026-03-13T20:09:26.151+0000] {processor.py:183} INFO - Processing /opt/airflow/dags/monitoring_dag.py took 0.074 seconds
[2026-03-13T20:09:56.368+0000] {processor.py:161} INFO - Started process (PID=280) to work on /opt/airflow/dags/monitoring_dag.py
[2026-03-13T20:09:56.369+0000] {processor.py:830} INFO - Processing file /opt/airflow/dags/monitoring_dag.py for tasks to queue
[2026-03-13T20:09:56.371+0000] {logging_mixin.py:188} INFO - [2026-03-13T20:09:56.371+0000] {dagbag.py:538} INFO - Filling up the DagBag from /opt/airflow/dags/monitoring_dag.py
[2026-03-13T20:09:56.388+0000] {processor.py:840} INFO - DAG(s) 'api_monitoring' retrieved from /opt/airflow/dags/monitoring_dag.py
[2026-03-13T20:09:56.410+0000] {logging_mixin.py:188} INFO - [2026-03-13T20:09:56.409+0000] {dag.py:3036} INFO - Sync 1 DAGs
[2026-03-13T20:09:56.427+0000] {logging_mixin.py:188} INFO - [2026-03-13T20:09:56.427+0000] {dag.py:3823} INFO - Setting next_dagrun for api_monitoring to 2026-03-13 20:00:00+00:00, run_after=2026-03-13 21:00:00+00:00
[2026-03-13T20:09:56.440+0000] {processor.py:183} INFO - Processing /opt/airflow/dags/monitoring_dag.py took 0.076 seconds
[2026-03-13T20:10:26.658+0000] {processor.py:161} INFO - Started process (PID=298) to work on /opt/airflow/dags/monitoring_dag.py
[2026-03-13T20:10:26.659+0000] {processor.py:830} INFO - Processing file /opt/airflow/dags/monitoring_dag.py for tasks to queue
[2026-03-13T20:10:26.660+0000] {logging_mixin.py:188} INFO - [2026-03-13T20:10:26.660+0000] {dagbag.py:538} INFO - Filling up the DagBag from /opt/airflow/dags/monitoring_dag.py
[2026-03-13T20:10:26.675+0000] {processor.py:840} INFO - DAG(s) 'api_monitoring' retrieved from /opt/airflow/dags/monitoring_dag.py
[2026-03-13T20:10:26.694+0000] {logging_mixin.py:188} INFO - [2026-03-13T20:10:26.693+0000] {dag.py:3036} INFO - Sync 1 DAGs
[2026-03-13T20:10:26.708+0000] {logging_mixin.py:188} INFO - [2026-03-13T20:10:26.708+0000] {dag.py:3823} INFO - Setting next_dagrun for api_monitoring to 2026-03-13 20:00:00+00:00, run_after=2026-03-13 21:00:00+00:00
[2026-03-13T20:10:26.726+0000] {processor.py:183} INFO - Processing /opt/airflow/dags/monitoring_dag.py took 0.071 seconds
[2026-03-13T20:10:56.933+0000] {processor.py:161} INFO - Started process (PID=316) to work on /opt/airflow/dags/monitoring_dag.py
[2026-03-13T20:10:56.934+0000] {processor.py:830} INFO - Processing file /opt/airflow/dags/monitoring_dag.py for tasks to queue
[2026-03-13T20:10:56.936+0000] {logging_mixin.py:188} INFO - [2026-03-13T20:10:56.935+0000] {dagbag.py:538} INFO - Filling up the DagBag from /opt/airflow/dags/monitoring_dag.py
[2026-03-13T20:10:56.951+0000] {processor.py:840} INFO - DAG(s) 'api_monitoring' retrieved from /opt/airflow/dags/monitoring_dag.py
[2026-03-13T20:10:56.970+0000] {logging_mixin.py:188} INFO - [2026-03-13T20:10:56.970+0000] {dag.py:3036} INFO - Sync 1 DAGs
[2026-03-13T20:10:56.984+0000] {logging_mixin.py:188} INFO - [2026-03-13T20:10:56.984+0000] {dag.py:3823} INFO - Setting next_dagrun for api_monitoring to 2026-03-13 20:00:00+00:00, run_after=2026-03-13 21:00:00+00:00
[2026-03-13T20:10:57.001+0000] {processor.py:183} INFO - Processing /opt/airflow/dags/monitoring_dag.py took 0.071 seconds
